[debug] [2022-11-11T07:22:00.231Z] ----------------------------------------------------------------------
[debug] [2022-11-11T07:22:00.232Z] Command:       /opt/homebrew/Cellar/node/18.3.0/bin/node /opt/homebrew/bin/firebase init
[debug] [2022-11-11T07:22:00.232Z] CLI Version:   11.16.0
[debug] [2022-11-11T07:22:00.232Z] Platform:      darwin
[debug] [2022-11-11T07:22:00.232Z] Node Version:  v18.3.0
[debug] [2022-11-11T07:22:00.233Z] Time:          Fri Nov 11 2022 14:22:00 GMT+0700 (Indochina Time)
[debug] [2022-11-11T07:22:00.233Z] ----------------------------------------------------------------------
[debug] 
[debug] [2022-11-11T07:22:00.235Z] > command requires scopes: ["email","openid","https://www.googleapis.com/auth/cloudplatformprojects.readonly","https://www.googleapis.com/auth/firebase","https://www.googleapis.com/auth/cloud-platform"]
[debug] [2022-11-11T07:22:00.235Z] > authorizing via signed-in user (pearp.pinnuwat@gmail.com)
[info] 
     ######## #### ########  ######## ########     ###     ######  ########
     ##        ##  ##     ## ##       ##     ##  ##   ##  ##       ##
     ######    ##  ########  ######   ########  #########  ######  ######
     ##        ##  ##    ##  ##       ##     ## ##     ##       ## ##
     ##       #### ##     ## ######## ########  ##     ##  ######  ########

You're about to initialize a Firebase project in this directory:

  /Users/ppearyxx/website

[info] 
=== Project Setup
[info] 
[info] First, let's associate this project directory with a Firebase project.
[info] You can create multiple project aliases by running firebase use --add, 
[info] but for now we'll just set up a default project.
[info] 
[debug] [2022-11-11T07:22:27.019Z] >>> [apiv2][query] GET https://firebase.googleapis.com/v1beta1/projects pageSize=100
[debug] [2022-11-11T07:22:27.891Z] <<< [apiv2][status] GET https://firebase.googleapis.com/v1beta1/projects 200
[debug] [2022-11-11T07:22:27.891Z] <<< [apiv2][body] GET https://firebase.googleapis.com/v1beta1/projects [omitted]
[info] i  Using project comcam-prom (Comcam-prom) 
[info] 
=== Hosting Setup
[info] 
[info] Your public directory is the folder (relative to your project directory) that
[info] will contain Hosting assets to be uploaded with firebase deploy. If you
[info] have a build process for your assets, use your build's output directory.
[info] 
[debug] [2022-11-11T07:24:13.661Z] >>> [apiv2][query] GET https://www.gstatic.com/firebasejs/releases.json [none]
[debug] [2022-11-11T07:24:13.798Z] <<< [apiv2][status] GET https://www.gstatic.com/firebasejs/releases.json 200
[debug] [2022-11-11T07:24:13.799Z] <<< [apiv2][body] GET https://www.gstatic.com/firebasejs/releases.json {"current":{"version":"9.14.0","browserURL":"https://www.gstatic.com/firebasejs/9.14.0/firebase.js","packageURL":"https://www.gstatic.com/firebasejs/9.14.0/firebase.tgz"},"live":{"version":"9.14","browserURL":"https://www.gstatic.com/firebasejs/live/9.14/firebase.js","packageURL":"https://www.gstatic.com/firebasejs/live/9.14/firebase.tgz"},"components":{"analytics":"https://www.gstatic.com/firebasejs/9.14.0/firebase-analytics.js","app":"https://www.gstatic.com/firebasejs/9.14.0/firebase-app.js","app-check":"https://www.gstatic.com/firebasejs/9.14.0/firebase-app-check.js","auth":"https://www.gstatic.com/firebasejs/9.14.0/firebase-auth.js","auth/cordova":"https://www.gstatic.com/firebasejs/9.14.0/firebase-auth/cordova.js","auth/react-native":"https://www.gstatic.com/firebasejs/9.14.0/firebase-auth/react-native.js","functions":"https://www.gstatic.com/firebasejs/9.14.0/firebase-functions.js","firestore":"https://www.gstatic.com/firebasejs/9.14.0/firebase-firestore.js","firestore/lite":"https://www.gstatic.com/firebasejs/9.14.0/firebase-firestore/lite.js","installations":"https://www.gstatic.com/firebasejs/9.14.0/firebase-installations.js","storage":"https://www.gstatic.com/firebasejs/9.14.0/firebase-storage.js","performance":"https://www.gstatic.com/firebasejs/9.14.0/firebase-performance.js","remote-config":"https://www.gstatic.com/firebasejs/9.14.0/firebase-remote-config.js","messaging":"https://www.gstatic.com/firebasejs/9.14.0/firebase-messaging.js","messaging/sw":"https://www.gstatic.com/firebasejs/9.14.0/firebase-messaging/sw.js","database":"https://www.gstatic.com/firebasejs/9.14.0/firebase-database.js","firestore.memory":"https://www.gstatic.com/firebasejs/9.14.0/firebase-firestore.memory.js"}}
[info] ✔  Wrote public/index.html 
[info] 
[info] i  Didn't detect a .git folder. Assuming /Users/ppearyxx/website is the project root. 
[info] i  Authorizing with GitHub to upload your service account to a GitHub repository's secrets store. 
[info] 
[info] Visit this URL on this device to log in:
[info] https://github.com/login/oauth/authorize?client_id=89cf50f02ac6aaed3484&state=209869791&redirect_uri=http%3A%2F%2Flocalhost%3A9005&scope=read%3Auser%20repo%20public_repo
[info] 
[info] Waiting for authentication...
[debug] [2022-11-11T07:24:14.495Z] >>> [apiv2][query] POST https://github.com/login/oauth/access_token [none]
[debug] [2022-11-11T07:24:14.496Z] >>> [apiv2][body] POST https://github.com/login/oauth/access_token [stream]
[debug] [2022-11-11T07:24:14.991Z] <<< [apiv2][status] POST https://github.com/login/oauth/access_token 200
[debug] [2022-11-11T07:24:14.992Z] <<< [apiv2][body] POST https://github.com/login/oauth/access_token {"access_token":"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","token_type":"bearer","scope":"read:user,repo"}
[debug] [2022-11-11T07:24:15.007Z] >>> [apiv2][query] GET https://api.github.com/user [none]
[debug] [2022-11-11T07:24:15.542Z] <<< [apiv2][status] GET https://api.github.com/user 200
[debug] [2022-11-11T07:24:15.542Z] <<< [apiv2][body] GET https://api.github.com/user {"login":"ppearyxx","id":110251847,"node_id":"U_kgDOBpJPRw","avatar_url":"https://avatars.githubusercontent.com/u/110251847?v=4","gravatar_id":"","url":"https://api.github.com/users/ppearyxx","html_url":"https://github.com/ppearyxx","followers_url":"https://api.github.com/users/ppearyxx/followers","following_url":"https://api.github.com/users/ppearyxx/following{/other_user}","gists_url":"https://api.github.com/users/ppearyxx/gists{/gist_id}","starred_url":"https://api.github.com/users/ppearyxx/starred{/owner}{/repo}","subscriptions_url":"https://api.github.com/users/ppearyxx/subscriptions","organizations_url":"https://api.github.com/users/ppearyxx/orgs","repos_url":"https://api.github.com/users/ppearyxx/repos","events_url":"https://api.github.com/users/ppearyxx/events{/privacy}","received_events_url":"https://api.github.com/users/ppearyxx/received_events","type":"User","site_admin":false,"name":null,"company":null,"blog":"","location":null,"email":null,"hireable":null,"bio":null,"twitter_username":null,"public_repos":0,"public_gists":0,"followers":0,"following":0,"created_at":"2022-07-29T16:45:02Z","updated_at":"2022-11-11T07:11:44Z","private_gists":0,"total_private_repos":0,"owned_private_repos":0,"disk_usage":0,"collaborators":0,"two_factor_authentication":false,"plan":{"name":"pro","space":976562499,"collaborators":0,"private_repos":9999}}
[info] 
[info] ✔  Success! Logged into GitHub as ppearyxx 
[info] 
[debug] [2022-11-11T07:24:43.227Z] >>> [apiv2][query] GET https://api.github.com/repos/ppearyxx/publix/actions/secrets/public-key type=owner
[debug] [2022-11-11T07:24:43.630Z] <<< [apiv2][status] GET https://api.github.com/repos/ppearyxx/publix/actions/secrets/public-key 404
[debug] [2022-11-11T07:24:43.630Z] <<< [apiv2][body] GET https://api.github.com/repos/ppearyxx/publix/actions/secrets/public-key {"message":"Not Found","documentation_url":"https://docs.github.com/rest/reference/actions#get-a-repository-public-key"}
[debug] [2022-11-11T07:24:44.487Z] >>> [apiv2][query] GET https://api.github.com/repos/ppearyxx/public/actions/secrets/public-key type=owner
[debug] [2022-11-11T07:24:44.873Z] <<< [apiv2][status] GET https://api.github.com/repos/ppearyxx/public/actions/secrets/public-key 404
[debug] [2022-11-11T07:24:44.874Z] <<< [apiv2][body] GET https://api.github.com/repos/ppearyxx/public/actions/secrets/public-key {"message":"Not Found","documentation_url":"https://docs.github.com/rest/reference/actions#get-a-repository-public-key"}
[debug] [2022-11-11T07:25:01.609Z] >>> [apiv2][query] GET https://api.github.com/repos/ppearyxx/website/actions/secrets/public-key type=owner
[debug] [2022-11-11T07:25:02.024Z] <<< [apiv2][status] GET https://api.github.com/repos/ppearyxx/website/actions/secrets/public-key 404
[debug] [2022-11-11T07:25:02.024Z] <<< [apiv2][body] GET https://api.github.com/repos/ppearyxx/website/actions/secrets/public-key {"message":"Not Found","documentation_url":"https://docs.github.com/rest/reference/actions#get-a-repository-public-key"}
[debug] [2022-11-11T07:26:00.559Z] >>> [apiv2][query] GET https://api.github.com/repos/ppearyxx/website/actions/secrets/public-key type=owner
[debug] [2022-11-11T07:26:00.993Z] <<< [apiv2][status] GET https://api.github.com/repos/ppearyxx/website/actions/secrets/public-key 404
[debug] [2022-11-11T07:26:00.993Z] <<< [apiv2][body] GET https://api.github.com/repos/ppearyxx/website/actions/secrets/public-key {"message":"Not Found","documentation_url":"https://docs.github.com/rest/reference/actions#get-a-repository-public-key"}
[debug] [2022-11-11T07:26:02.068Z] >>> [apiv2][query] GET https://api.github.com/repos/ppearyxx/websit/actions/secrets/public-key type=owner
[debug] [2022-11-11T07:26:02.512Z] <<< [apiv2][status] GET https://api.github.com/repos/ppearyxx/websit/actions/secrets/public-key 404
[debug] [2022-11-11T07:26:02.512Z] <<< [apiv2][body] GET https://api.github.com/repos/ppearyxx/websit/actions/secrets/public-key {"message":"Not Found","documentation_url":"https://docs.github.com/rest/reference/actions#get-a-repository-public-key"}
[debug] [2022-11-11T07:26:03.065Z] >>> [apiv2][query] GET https://api.github.com/repos/ppearyxx/website/actions/secrets/public-key type=owner
[debug] [2022-11-11T07:26:03.539Z] <<< [apiv2][status] GET https://api.github.com/repos/ppearyxx/website/actions/secrets/public-key 404
[debug] [2022-11-11T07:26:03.540Z] <<< [apiv2][body] GET https://api.github.com/repos/ppearyxx/website/actions/secrets/public-key {"message":"Not Found","documentation_url":"https://docs.github.com/rest/reference/actions#get-a-repository-public-key"}
[debug] [2022-11-11T07:26:41.407Z] >>> [apiv2][query] GET https://api.github.com/repos/ppearyxx/actions/secrets/public-key type=owner
[debug] [2022-11-11T07:26:41.847Z] <<< [apiv2][status] GET https://api.github.com/repos/ppearyxx/actions/secrets/public-key 404
[debug] [2022-11-11T07:26:41.848Z] <<< [apiv2][body] GET https://api.github.com/repos/ppearyxx/actions/secrets/public-key {"message":"Not Found","documentation_url":"https://docs.github.com/rest"}
[debug] [2022-11-11T07:27:38.722Z] >>> [apiv2][query] GET https://api.github.com/repos/ppearyxx/firebase deploy/actions/secrets/public-key type=owner
[debug] [2022-11-11T07:27:40.017Z] <<< [apiv2][status] GET https://api.github.com/repos/ppearyxx/firebase deploy/actions/secrets/public-key 404
[debug] [2022-11-11T07:27:40.018Z] <<< [apiv2][body] GET https://api.github.com/repos/ppearyxx/firebase deploy/actions/secrets/public-key {"message":"Not Found","documentation_url":"https://docs.github.com/rest/reference/actions#get-a-repository-public-key"}
[debug] [2022-11-11T07:27:40.020Z] >>> [apiv2][query] GET https://api.github.com/repos/ppearyxx/firebase deploy/actions/secrets/public-key type=owner
[debug] [2022-11-11T07:27:40.392Z] <<< [apiv2][status] GET https://api.github.com/repos/ppearyxx/firebase deploy/actions/secrets/public-key 404
[debug] [2022-11-11T07:27:40.393Z] <<< [apiv2][body] GET https://api.github.com/repos/ppearyxx/firebase deploy/actions/secrets/public-key {"message":"Not Found","documentation_url":"https://docs.github.com/rest/reference/actions#get-a-repository-public-key"}
[debug] [2022-11-11T07:27:44.781Z] >>> [apiv2][query] GET https://api.github.com/repos/firebase deploy/actions/secrets/public-key type=owner
[debug] [2022-11-11T07:27:45.236Z] <<< [apiv2][status] GET https://api.github.com/repos/firebase deploy/actions/secrets/public-key 404
[debug] [2022-11-11T07:27:45.236Z] <<< [apiv2][body] GET https://api.github.com/repos/firebase deploy/actions/secrets/public-key {"message":"Not Found","documentation_url":"https://docs.github.com/rest"}
